<?xml version="1.0" encoding="UTF-8"?>
<coverage generated="1626190769353" clover="3.2.0">
  <project timestamp="1626190769353" name="All files">
    <metrics statements="64" coveredstatements="62" conditionals="36" coveredconditionals="31" methods="9" coveredmethods="7" elements="109" coveredelements="100" complexity="0" loc="64" ncloc="64" packages="1" files="2" classes="2"/>
    <file name="expression.js" path="/home/igraciano/Playvox Onboarding Projects/Form library with tests/src/expression.js">
      <metrics statements="1" coveredstatements="1" conditionals="0" coveredconditionals="0" methods="0" coveredmethods="0"/>
      <line num="1" count="1" type="stmt"/>
    </file>
    <file name="validate.js" path="/home/igraciano/Playvox Onboarding Projects/Form library with tests/src/validate.js">
      <metrics statements="63" coveredstatements="61" conditionals="36" coveredconditionals="31" methods="9" coveredmethods="7"/>
      <line num="3" count="1" type="stmt"/>
      <line num="4" count="26" type="cond" truecount="2" falsecount="0"/>
      <line num="5" count="1" type="stmt"/>
      <line num="6" count="25" type="cond" truecount="2" falsecount="0"/>
      <line num="7" count="2" type="stmt"/>
      <line num="8" count="23" type="cond" truecount="2" falsecount="0"/>
      <line num="9" count="4" type="stmt"/>
      <line num="11" count="19" type="cond" truecount="2" falsecount="0"/>
      <line num="12" count="6" type="stmt"/>
      <line num="14" count="13" type="cond" truecount="2" falsecount="0"/>
      <line num="15" count="12" type="stmt"/>
      <line num="17" count="1" type="stmt"/>
      <line num="21" count="1" type="stmt"/>
      <line num="30" count="1" type="stmt"/>
      <line num="31" count="1" type="stmt"/>
      <line num="32" count="1" type="cond" truecount="1" falsecount="1"/>
      <line num="33" count="1" type="stmt"/>
      <line num="34" count="1" type="stmt"/>
      <line num="35" count="1" type="stmt"/>
      <line num="41" count="26" type="stmt"/>
      <line num="42" count="26" type="stmt"/>
      <line num="43" count="26" type="stmt"/>
      <line num="44" count="26" type="stmt"/>
      <line num="45" count="26" type="stmt"/>
      <line num="47" count="26" type="cond" truecount="2" falsecount="0"/>
      <line num="48" count="3" type="stmt"/>
      <line num="50" count="23" type="stmt"/>
      <line num="53" count="26" type="stmt"/>
      <line num="55" count="6" type="cond" truecount="2" falsecount="2"/>
      <line num="56" count="6" type="cond" truecount="4" falsecount="0"/>
      <line num="58" count="3" type="stmt"/>
      <line num="60" count="3" type="stmt"/>
      <line num="61" count="3" type="stmt"/>
      <line num="62" count="3" type="stmt"/>
      <line num="63" count="3" type="stmt"/>
      <line num="64" count="3" type="stmt"/>
      <line num="66" count="3" type="stmt"/>
      <line num="67" count="3" type="stmt"/>
      <line num="68" count="3" type="stmt"/>
      <line num="70" count="3" type="stmt"/>
      <line num="74" count="0" type="stmt"/>
      <line num="78" count="11" type="cond" truecount="4" falsecount="0"/>
      <line num="80" count="4" type="stmt"/>
      <line num="82" count="7" type="stmt"/>
      <line num="84" count="0" type="stmt"/>
      <line num="86" count="6" type="stmt"/>
      <line num="87" count="6" type="stmt"/>
      <line num="88" count="6" type="stmt"/>
      <line num="89" count="6" type="stmt"/>
      <line num="90" count="6" type="stmt"/>
      <line num="92" count="6" type="stmt"/>
      <line num="93" count="6" type="stmt"/>
      <line num="94" count="6" type="stmt"/>
      <line num="96" count="6" type="cond" truecount="4" falsecount="0"/>
      <line num="98" count="3" type="stmt"/>
      <line num="101" count="3" type="stmt"/>
      <line num="104" count="3" type="stmt"/>
      <line num="105" count="5" type="cond" truecount="2" falsecount="0"/>
      <line num="106" count="2" type="stmt"/>
      <line num="107" count="2" type="stmt"/>
      <line num="110" count="1" type="cond" truecount="1" falsecount="1"/>
      <line num="111" count="1" type="stmt"/>
      <line num="115" count="26" type="cond" truecount="1" falsecount="1"/>
    </file>
  </project>
</coverage>
