{"/home/igraciano/Playvox Onboarding Projects/Form library with tests/src/expression.js": {"path":"/home/igraciano/Playvox Onboarding Projects/Form library with tests/src/expression.js","statementMap":{"0":{"start":{"line":1,"column":25},"end":{"line":7,"column":1}}},"fnMap":{},"branchMap":{},"s":{"0":1},"f":{},"b":{},"_coverageSchema":"1a1c01bbd47fc00a2c39e90264f33305004495a9","hash":"6744dcc2ba2cc7708ce8f74e8a8bcc0a4ddde665"}
,"/home/igraciano/Playvox Onboarding Projects/Form library with tests/src/validate.js": {"path":"/home/igraciano/Playvox Onboarding Projects/Form library with tests/src/validate.js","statementMap":{"0":{"start":{"line":3,"column":22},"end":{"line":19,"column":1}},"1":{"start":{"line":4,"column":4},"end":{"line":18,"column":5}},"2":{"start":{"line":5,"column":8},"end":{"line":5,"column":35}},"3":{"start":{"line":6,"column":11},"end":{"line":18,"column":5}},"4":{"start":{"line":7,"column":8},"end":{"line":7,"column":29}},"5":{"start":{"line":8,"column":11},"end":{"line":18,"column":5}},"6":{"start":{"line":9,"column":8},"end":{"line":10,"column":107}},"7":{"start":{"line":11,"column":11},"end":{"line":18,"column":5}},"8":{"start":{"line":12,"column":8},"end":{"line":13,"column":119}},"9":{"start":{"line":14,"column":11},"end":{"line":18,"column":5}},"10":{"start":{"line":15,"column":8},"end":{"line":15,"column":29}},"11":{"start":{"line":17,"column":8},"end":{"line":17,"column":30}},"12":{"start":{"line":21,"column":18},"end":{"line":27,"column":1}},"13":{"start":{"line":30,"column":24},"end":{"line":30,"column":45}},"14":{"start":{"line":31,"column":4},"end":{"line":37,"column":5}},"15":{"start":{"line":31,"column":17},"end":{"line":31,"column":18}},"16":{"start":{"line":32,"column":8},"end":{"line":36,"column":9}},"17":{"start":{"line":33,"column":25},"end":{"line":33,"column":220}},"18":{"start":{"line":34,"column":29},"end":{"line":34,"column":86}},"19":{"start":{"line":35,"column":12},"end":{"line":35,"column":40}},"20":{"start":{"line":41,"column":30},"end":{"line":41,"column":35}},"21":{"start":{"line":42,"column":25},"end":{"line":42,"column":27}},"22":{"start":{"line":43,"column":15},"end":{"line":43,"column":34}},"23":{"start":{"line":44,"column":19},"end":{"line":44,"column":42}},"24":{"start":{"line":45,"column":21},"end":{"line":45,"column":23}},"25":{"start":{"line":47,"column":4},"end":{"line":51,"column":5}},"26":{"start":{"line":48,"column":8},"end":{"line":48,"column":64}},"27":{"start":{"line":50,"column":8},"end":{"line":50,"column":56}},"28":{"start":{"line":53,"column":23},"end":{"line":114,"column":5}},"29":{"start":{"line":55,"column":12},"end":{"line":69,"column":13}},"30":{"start":{"line":56,"column":16},"end":{"line":59,"column":17}},"31":{"start":{"line":58,"column":20},"end":{"line":58,"column":94}},"32":{"start":{"line":60,"column":16},"end":{"line":60,"column":38}},"33":{"start":{"line":61,"column":16},"end":{"line":61,"column":80}},"34":{"start":{"line":62,"column":16},"end":{"line":62,"column":81}},"35":{"start":{"line":63,"column":16},"end":{"line":63,"column":45}},"36":{"start":{"line":64,"column":16},"end":{"line":64,"column":45}},"37":{"start":{"line":66,"column":16},"end":{"line":66,"column":94}},"38":{"start":{"line":67,"column":16},"end":{"line":67,"column":95}},"39":{"start":{"line":68,"column":16},"end":{"line":68,"column":39}},"40":{"start":{"line":70,"column":12},"end":{"line":70,"column":133}},"41":{"start":{"line":74,"column":12},"end":{"line":74,"column":110}},"42":{"start":{"line":78,"column":12},"end":{"line":81,"column":13}},"43":{"start":{"line":80,"column":16},"end":{"line":80,"column":86}},"44":{"start":{"line":82,"column":12},"end":{"line":82,"column":92}},"45":{"start":{"line":84,"column":37},"end":{"line":84,"column":133}},"46":{"start":{"line":86,"column":12},"end":{"line":86,"column":42}},"47":{"start":{"line":87,"column":12},"end":{"line":87,"column":84}},"48":{"start":{"line":88,"column":12},"end":{"line":88,"column":87}},"49":{"start":{"line":89,"column":12},"end":{"line":89,"column":49}},"50":{"start":{"line":90,"column":12},"end":{"line":90,"column":49}},"51":{"start":{"line":92,"column":12},"end":{"line":92,"column":98}},"52":{"start":{"line":93,"column":12},"end":{"line":93,"column":101}},"53":{"start":{"line":94,"column":12},"end":{"line":94,"column":43}},"54":{"start":{"line":96,"column":12},"end":{"line":99,"column":13}},"55":{"start":{"line":98,"column":16},"end":{"line":98,"column":90}},"56":{"start":{"line":101,"column":12},"end":{"line":101,"column":110}},"57":{"start":{"line":104,"column":12},"end":{"line":109,"column":13}},"58":{"start":{"line":104,"column":25},"end":{"line":104,"column":26}},"59":{"start":{"line":105,"column":16},"end":{"line":108,"column":17}},"60":{"start":{"line":106,"column":20},"end":{"line":106,"column":47}},"61":{"start":{"line":107,"column":20},"end":{"line":107,"column":94}},"62":{"start":{"line":110,"column":12},"end":{"line":112,"column":13}},"63":{"start":{"line":111,"column":16},"end":{"line":111,"column":85}},"64":{"start":{"line":115,"column":4},"end":{"line":115,"column":121}}},"fnMap":{"0":{"name":"(anonymous_0)","decl":{"start":{"line":3,"column":22},"end":{"line":3,"column":23}},"loc":{"start":{"line":3,"column":61},"end":{"line":19,"column":1}},"line":3},"1":{"name":"getFormInputs","decl":{"start":{"line":29,"column":16},"end":{"line":29,"column":29}},"loc":{"start":{"line":29,"column":40},"end":{"line":38,"column":1}},"line":29},"2":{"name":"listenerInputs","decl":{"start":{"line":40,"column":16},"end":{"line":40,"column":30}},"loc":{"start":{"line":40,"column":50},"end":{"line":116,"column":1}},"line":40},"3":{"name":"(anonymous_3)","decl":{"start":{"line":54,"column":16},"end":{"line":54,"column":17}},"loc":{"start":{"line":54,"column":35},"end":{"line":71,"column":9}},"line":54},"4":{"name":"(anonymous_4)","decl":{"start":{"line":73,"column":17},"end":{"line":73,"column":18}},"loc":{"start":{"line":73,"column":36},"end":{"line":75,"column":9}},"line":73},"5":{"name":"(anonymous_5)","decl":{"start":{"line":77,"column":18},"end":{"line":77,"column":19}},"loc":{"start":{"line":77,"column":37},"end":{"line":83,"column":9}},"line":77},"6":{"name":"(anonymous_6)","decl":{"start":{"line":84,"column":16},"end":{"line":84,"column":17}},"loc":{"start":{"line":84,"column":35},"end":{"line":84,"column":135}},"line":84},"7":{"name":"(anonymous_7)","decl":{"start":{"line":85,"column":20},"end":{"line":85,"column":21}},"loc":{"start":{"line":85,"column":39},"end":{"line":102,"column":9}},"line":85},"8":{"name":"(anonymous_8)","decl":{"start":{"line":103,"column":20},"end":{"line":103,"column":21}},"loc":{"start":{"line":103,"column":39},"end":{"line":113,"column":9}},"line":103}},"branchMap":{"0":{"loc":{"start":{"line":4,"column":4},"end":{"line":18,"column":5}},"type":"if","locations":[{"start":{"line":4,"column":4},"end":{"line":18,"column":5}},{"start":{"line":4,"column":4},"end":{"line":18,"column":5}}],"line":4},"1":{"loc":{"start":{"line":6,"column":11},"end":{"line":18,"column":5}},"type":"if","locations":[{"start":{"line":6,"column":11},"end":{"line":18,"column":5}},{"start":{"line":6,"column":11},"end":{"line":18,"column":5}}],"line":6},"2":{"loc":{"start":{"line":8,"column":11},"end":{"line":18,"column":5}},"type":"if","locations":[{"start":{"line":8,"column":11},"end":{"line":18,"column":5}},{"start":{"line":8,"column":11},"end":{"line":18,"column":5}}],"line":8},"3":{"loc":{"start":{"line":11,"column":11},"end":{"line":18,"column":5}},"type":"if","locations":[{"start":{"line":11,"column":11},"end":{"line":18,"column":5}},{"start":{"line":11,"column":11},"end":{"line":18,"column":5}}],"line":11},"4":{"loc":{"start":{"line":14,"column":11},"end":{"line":18,"column":5}},"type":"if","locations":[{"start":{"line":14,"column":11},"end":{"line":18,"column":5}},{"start":{"line":14,"column":11},"end":{"line":18,"column":5}}],"line":14},"5":{"loc":{"start":{"line":32,"column":8},"end":{"line":36,"column":9}},"type":"if","locations":[{"start":{"line":32,"column":8},"end":{"line":36,"column":9}},{"start":{"line":32,"column":8},"end":{"line":36,"column":9}}],"line":32},"6":{"loc":{"start":{"line":47,"column":4},"end":{"line":51,"column":5}},"type":"if","locations":[{"start":{"line":47,"column":4},"end":{"line":51,"column":5}},{"start":{"line":47,"column":4},"end":{"line":51,"column":5}}],"line":47},"7":{"loc":{"start":{"line":55,"column":12},"end":{"line":69,"column":13}},"type":"if","locations":[{"start":{"line":55,"column":12},"end":{"line":69,"column":13}},{"start":{"line":55,"column":12},"end":{"line":69,"column":13}}],"line":55},"8":{"loc":{"start":{"line":55,"column":16},"end":{"line":55,"column":98}},"type":"binary-expr","locations":[{"start":{"line":55,"column":16},"end":{"line":55,"column":55}},{"start":{"line":55,"column":59},"end":{"line":55,"column":98}}],"line":55},"9":{"loc":{"start":{"line":56,"column":16},"end":{"line":59,"column":17}},"type":"if","locations":[{"start":{"line":56,"column":16},"end":{"line":59,"column":17}},{"start":{"line":56,"column":16},"end":{"line":59,"column":17}}],"line":56},"10":{"loc":{"start":{"line":56,"column":20},"end":{"line":57,"column":90}},"type":"binary-expr","locations":[{"start":{"line":56,"column":20},"end":{"line":56,"column":90}},{"start":{"line":57,"column":20},"end":{"line":57,"column":90}}],"line":56},"11":{"loc":{"start":{"line":78,"column":12},"end":{"line":81,"column":13}},"type":"if","locations":[{"start":{"line":78,"column":12},"end":{"line":81,"column":13}},{"start":{"line":78,"column":12},"end":{"line":81,"column":13}}],"line":78},"12":{"loc":{"start":{"line":78,"column":16},"end":{"line":79,"column":83}},"type":"binary-expr","locations":[{"start":{"line":78,"column":16},"end":{"line":78,"column":83}},{"start":{"line":79,"column":16},"end":{"line":79,"column":83}}],"line":78},"13":{"loc":{"start":{"line":96,"column":12},"end":{"line":99,"column":13}},"type":"if","locations":[{"start":{"line":96,"column":12},"end":{"line":99,"column":13}},{"start":{"line":96,"column":12},"end":{"line":99,"column":13}}],"line":96},"14":{"loc":{"start":{"line":96,"column":16},"end":{"line":97,"column":86}},"type":"binary-expr","locations":[{"start":{"line":96,"column":16},"end":{"line":96,"column":86}},{"start":{"line":97,"column":16},"end":{"line":97,"column":86}}],"line":96},"15":{"loc":{"start":{"line":105,"column":16},"end":{"line":108,"column":17}},"type":"if","locations":[{"start":{"line":105,"column":16},"end":{"line":108,"column":17}},{"start":{"line":105,"column":16},"end":{"line":108,"column":17}}],"line":105},"16":{"loc":{"start":{"line":110,"column":12},"end":{"line":112,"column":13}},"type":"if","locations":[{"start":{"line":110,"column":12},"end":{"line":112,"column":13}},{"start":{"line":110,"column":12},"end":{"line":112,"column":13}}],"line":110},"17":{"loc":{"start":{"line":115,"column":11},"end":{"line":115,"column":120}},"type":"cond-expr","locations":[{"start":{"line":115,"column":36},"end":{"line":115,"column":90}},{"start":{"line":115,"column":93},"end":{"line":115,"column":120}}],"line":115}},"s":{"0":1,"1":26,"2":1,"3":25,"4":2,"5":23,"6":4,"7":19,"8":6,"9":13,"10":12,"11":1,"12":1,"13":1,"14":1,"15":1,"16":1,"17":1,"18":1,"19":1,"20":26,"21":26,"22":26,"23":26,"24":26,"25":26,"26":3,"27":23,"28":26,"29":6,"30":6,"31":3,"32":3,"33":3,"34":3,"35":3,"36":3,"37":3,"38":3,"39":3,"40":3,"41":0,"42":11,"43":4,"44":7,"45":0,"46":6,"47":6,"48":6,"49":6,"50":6,"51":6,"52":6,"53":6,"54":6,"55":3,"56":3,"57":3,"58":3,"59":5,"60":2,"61":2,"62":1,"63":1,"64":26},"f":{"0":26,"1":1,"2":26,"3":6,"4":0,"5":11,"6":0,"7":6,"8":3},"b":{"0":[1,25],"1":[2,23],"2":[4,19],"3":[6,13],"4":[12,1],"5":[1,0],"6":[3,23],"7":[6,0],"8":[6,0],"9":[3,3],"10":[6,4],"11":[4,7],"12":[11,8],"13":[3,3],"14":[6,4],"15":[2,3],"16":[1,0],"17":[26,0]},"_coverageSchema":"1a1c01bbd47fc00a2c39e90264f33305004495a9","hash":"2ee7214127882d1d4adb595a7e2c82cf5d0f6b7e"}
}
