TN:
SF:src/expression.js
FNF:0
FNH:0
DA:1,1
LF:1
LH:1
BRF:0
BRH:0
end_of_record
TN:
SF:src/validate.js
FN:3,(anonymous_0)
FN:29,getFormInputs
FN:40,listenerInputs
FN:54,(anonymous_3)
FN:73,(anonymous_4)
FN:77,(anonymous_5)
FN:84,(anonymous_6)
FN:85,(anonymous_7)
FN:103,(anonymous_8)
FNF:9
FNH:7
FNDA:26,(anonymous_0)
FNDA:1,getFormInputs
FNDA:26,listenerInputs
FNDA:6,(anonymous_3)
FNDA:0,(anonymous_4)
FNDA:11,(anonymous_5)
FNDA:0,(anonymous_6)
FNDA:6,(anonymous_7)
FNDA:3,(anonymous_8)
DA:3,1
DA:4,26
DA:5,1
DA:6,25
DA:7,2
DA:8,23
DA:9,4
DA:11,19
DA:12,6
DA:14,13
DA:15,12
DA:17,1
DA:21,1
DA:30,1
DA:31,1
DA:32,1
DA:33,1
DA:34,1
DA:35,1
DA:41,26
DA:42,26
DA:43,26
DA:44,26
DA:45,26
DA:47,26
DA:48,3
DA:50,23
DA:53,26
DA:55,6
DA:56,6
DA:58,3
DA:60,3
DA:61,3
DA:62,3
DA:63,3
DA:64,3
DA:66,3
DA:67,3
DA:68,3
DA:70,3
DA:74,0
DA:78,11
DA:80,4
DA:82,7
DA:84,0
DA:86,6
DA:87,6
DA:88,6
DA:89,6
DA:90,6
DA:92,6
DA:93,6
DA:94,6
DA:96,6
DA:98,3
DA:101,3
DA:104,3
DA:105,5
DA:106,2
DA:107,2
DA:110,1
DA:111,1
DA:115,26
LF:63
LH:61
BRDA:4,0,0,1
BRDA:4,0,1,25
BRDA:6,1,0,2
BRDA:6,1,1,23
BRDA:8,2,0,4
BRDA:8,2,1,19
BRDA:11,3,0,6
BRDA:11,3,1,13
BRDA:14,4,0,12
BRDA:14,4,1,1
BRDA:32,5,0,1
BRDA:32,5,1,0
BRDA:47,6,0,3
BRDA:47,6,1,23
BRDA:55,7,0,6
BRDA:55,7,1,0
BRDA:55,8,0,6
BRDA:55,8,1,0
BRDA:56,9,0,3
BRDA:56,9,1,3
BRDA:56,10,0,6
BRDA:56,10,1,4
BRDA:78,11,0,4
BRDA:78,11,1,7
BRDA:78,12,0,11
BRDA:78,12,1,8
BRDA:96,13,0,3
BRDA:96,13,1,3
BRDA:96,14,0,6
BRDA:96,14,1,4
BRDA:105,15,0,2
BRDA:105,15,1,3
BRDA:110,16,0,1
BRDA:110,16,1,0
BRDA:115,17,0,26
BRDA:115,17,1,0
BRF:36
BRH:31
end_of_record
